<?xml version="1.0" encoding="UTF-8"?>
<!-- Generated by org.testng.reporters.JUnitXMLReporter -->
<testsuite ignored="0" hostname="LAPTOP-ITPJPPBD" failures="0" tests="3" name="ChromeTest" time="0.077" errors="0" timestamp="2024-10-19T13:09:28 IST">
  <testcase classname="test.Test_2" name="@BeforeClass beforeClass" time="0.006">
    <failure type="java.lang.NullPointerException" message="Cannot invoke &amp;quot;org.openqa.selenium.WebDriver.get(String)&amp;quot; because &amp;quot;this.driver&amp;quot; is null">
      <![CDATA[java.lang.NullPointerException: Cannot invoke "org.openqa.selenium.WebDriver.get(String)" because "this.driver" is null
at test.Test_2.beforeClass(Test_2.java:77)
at java.base/java.util.concurrent.ThreadPoolExecutor.runWorker(ThreadPoolExecutor.java:1144)
at java.base/java.util.concurrent.ThreadPoolExecutor$Worker.run(ThreadPoolExecutor.java:642)
at java.base/java.lang.Thread.run(Thread.java:1570)
... Removed 8 stack frames]]>
    </failure>
  </testcase> <!-- @BeforeClass beforeClass -->
  <testcase classname="test.Test_2" name="@BeforeMethod beforeMethod" time="-1.7293235686E9">
    <skipped/>
  </testcase> <!-- @BeforeMethod beforeMethod -->
  <testcase classname="test.Test_2" name="@AfterMethod afterMethod" time="-1.72932356861E9">
    <skipped/>
  </testcase> <!-- @AfterMethod afterMethod -->
  <testcase classname="test.Test_2" name="@AfterTest afterTest" time="-1.729323568625E9">
    <skipped/>
  </testcase> <!-- @AfterTest afterTest -->
  <testcase classname="test.Test_2" name="signInverify" time="0.0">
    <skipped/>
  </testcase> <!-- signInverify -->
  <testcase classname="test.Test_2" name="orderVerifyWatch" time="0.0">
    <skipped/>
  </testcase> <!-- orderVerifyWatch -->
  <testcase classname="test.Test_2" name="orderVerifyMobile" time="0.0">
    <skipped/>
  </testcase> <!-- orderVerifyMobile -->
</testsuite> <!-- ChromeTest -->
